<?xml version="1.0" encoding="UTF-8"?>
<testsuites name="TS01 - Search By Keywoed" time="45.782" tests="3" failures="0" errors="0">
   <testsuite name="TS01 - Search By Keywoed" tests="3" failures="0" errors="0" time="45.782" skipped="0" timestamp="16-01-2024T15:06:26" hostname="Administrator - 10.53.16.248" id="Test Suites/TS01 - Search By Keywoed">
      <properties>
         <property name="deviceName" value=""/>
         <property name="devicePlatform" value=""/>
         <property name="logFolder" value="C:\\Users\\Administrator\\Katalon Studio\\My First Web UI Project\\Reports\\25670116_150613\\TS01 - Search By Keywoed\\25670116_150614"/>
         <property name="logFiles" value="C:\\Users\\Administrator\\Katalon Studio\\My First Web UI Project\\Reports\\25670116_150613\\TS01 - Search By Keywoed\\25670116_150614\\execution0.log"/>
         <property name="attachments" value=""/>
         <property name="hostName" value="Administrator - 10.53.16.248"/>
         <property name="os" value="Windows 10 64bit"/>
         <property name="katalonVersion" value="9.2.0.212"/>
         <property name="browser" value="Chrome 120.0.0.0"/>
         <property name="hostAddress" value="10.53.16.248"/>
         <property name="sessionId" value="5030f1943279e0c14903da01bd5ba3ec"/>
         <property name="seleniumVersion" value="3.141.59"/>
         <property name="proxyInformation" value="ProxyInformation { proxyOption=NO_PROXY, proxyServerType=HTTP, username=, password=********, proxyServerAddress=, proxyServerPort=0, executionList=&quot;&quot;, isApplyToDesiredCapabilities=true }"/>
         <property name="platform" value="Windows 10"/>
      </properties>
      <testcase name="Test Cases/TC0103 - Search By Keyword-pbru" time="8.742" classname="Test Cases/TC0103 - Search By Keyword-pbru" status="PASSED">
         <system-out><![CDATA[16-01-2024T15:06:26 - [TEST_CASE][PASSED] - Test Cases/TC0103 - Search By Keyword-pbru: Test Cases/TC0103 - Search By Keyword-pbru

16-01-2024T15:06:26 - [TEST_STEP][PASSED] - openBrowser(""): Browser is opened with url: ''

16-01-2024T15:06:26 - [MESSAGE][INFO] - Starting 'Chrome' driver

16-01-2024T15:06:26 - [MESSAGE][INFO] - Action delay is set to 0 milliseconds

16-01-2024T15:06:27 - [MESSAGE][PASSED] - Browser is opened with url: ''

16-01-2024T15:06:27 - [TEST_STEP][PASSED] - navigateToUrl("https://www.yahoo.com/"): Navigate to 'https://www.yahoo.com/' successfully

16-01-2024T15:06:29 - [MESSAGE][PASSED] - Navigate to 'https://www.yahoo.com/' successfully

16-01-2024T15:06:29 - [TEST_STEP][PASSED] - setText(findTestObject("Page_Yahoo  Mail, Weather, Search, Politics_802e32/input_p"), "pbru"): Text 'pbru' is set on object 'Object Repository/Page_Yahoo  Mail, Weather, Search, Politics_802e32/input_p'

16-01-2024T15:06:31 - [MESSAGE][PASSED] - Text 'pbru' is set on object 'Object Repository/Page_Yahoo  Mail, Weather, Search, Politics_802e32/input_p'

16-01-2024T15:06:31 - [TEST_STEP][PASSED] - click(findTestObject("Page_Yahoo  Mail, Weather, Search, Politics_802e32/buttonybar-search")): Object: 'Object Repository/Page_Yahoo  Mail, Weather, Search, Politics_802e32/buttonybar-search' is clicked on

16-01-2024T15:06:32 - [MESSAGE][PASSED] - Object: 'Object Repository/Page_Yahoo  Mail, Weather, Search, Politics_802e32/buttonybar-search' is clicked on

16-01-2024T15:06:32 - [TEST_STEP][PASSED] - verifyTextPresent("มหาวิทยาลัยราชภัฏเพชรบุรี", false): Text 'มหาวิทยาลัยราชภัฏเพชรบุรี' is present on page 

16-01-2024T15:06:34 - [MESSAGE][PASSED] - Text 'มหาวิทยาลัยราชภัฏเพชรบุรี' is present on page 

16-01-2024T15:06:34 - [TEST_STEP][PASSED] - closeBrowser(): Browser is closed

16-01-2024T15:06:34 - [MESSAGE][PASSED] - Browser is closed]]></system-out>
         <system-err><![CDATA[]]></system-err>
      </testcase>
      <testcase name="Test Cases/TC0102 - Search By Keyword - kru university" time="8.002" classname="Test Cases/TC0102 - Search By Keyword - kru university" status="PASSED">
         <system-out><![CDATA[16-01-2024T15:06:34 - [TEST_CASE][PASSED] - Test Cases/TC0102 - Search By Keyword - kru university: Test Cases/TC0102 - Search By Keyword - kru university

16-01-2024T15:06:34 - [TEST_STEP][PASSED] - openBrowser(""): Browser is opened with url: ''

16-01-2024T15:06:34 - [MESSAGE][INFO] - Starting 'Chrome' driver

16-01-2024T15:06:34 - [MESSAGE][INFO] - Action delay is set to 0 milliseconds

16-01-2024T15:06:35 - [MESSAGE][PASSED] - Browser is opened with url: ''

16-01-2024T15:06:35 - [TEST_STEP][PASSED] - navigateToUrl("https://www.yahoo.com/"): Navigate to 'https://www.yahoo.com/' successfully

16-01-2024T15:06:37 - [MESSAGE][PASSED] - Navigate to 'https://www.yahoo.com/' successfully

16-01-2024T15:06:38 - [TEST_STEP][PASSED] - setText(findTestObject("Object Repository/Page_Yahoo  Mail, Weather, Search, Politics_802e32/input_p"), "npru"): Text 'npru' is set on object 'Object Repository/Page_Yahoo  Mail, Weather, Search, Politics_802e32/input_p'

16-01-2024T15:06:40 - [MESSAGE][PASSED] - Text 'npru' is set on object 'Object Repository/Page_Yahoo  Mail, Weather, Search, Politics_802e32/input_p'

16-01-2024T15:06:40 - [TEST_STEP][PASSED] - click(findTestObject("Object Repository/Page_Yahoo  Mail, Weather, Search, Politics_802e32/buttonybar-search")): Object: 'Object Repository/Page_Yahoo  Mail, Weather, Search, Politics_802e32/buttonybar-search' is clicked on

16-01-2024T15:06:40 - [MESSAGE][PASSED] - Object: 'Object Repository/Page_Yahoo  Mail, Weather, Search, Politics_802e32/buttonybar-search' is clicked on

16-01-2024T15:06:40 - [TEST_STEP][PASSED] - verifyTextPresent("มหาวิทยาลัยราชภัฏนครปฐม", false): Text 'มหาวิทยาลัยราชภัฏนครปฐม' is present on page 

16-01-2024T15:06:42 - [MESSAGE][PASSED] - Text 'มหาวิทยาลัยราชภัฏนครปฐม' is present on page 

16-01-2024T15:06:42 - [TEST_STEP][PASSED] - closeBrowser(): Browser is closed

16-01-2024T15:06:42 - [MESSAGE][PASSED] - Browser is closed]]></system-out>
         <system-err><![CDATA[]]></system-err>
      </testcase>
      <testcase name="Test Cases/TC0101 - Search By Keyword - npru" time="28.913" classname="Test Cases/TC0101 - Search By Keyword - npru" status="PASSED">
         <system-out><![CDATA[16-01-2024T15:06:42 - [TEST_CASE][PASSED] - Test Cases/TC0101 - Search By Keyword - npru: Test Cases/TC0101 - Search By Keyword - npru

16-01-2024T15:06:42 - [TEST_STEP][PASSED] - openBrowser(""): Browser is opened with url: ''

16-01-2024T15:06:42 - [MESSAGE][INFO] - Starting 'Chrome' driver

16-01-2024T15:06:42 - [MESSAGE][INFO] - Action delay is set to 0 milliseconds

16-01-2024T15:06:43 - [MESSAGE][PASSED] - Browser is opened with url: ''

16-01-2024T15:06:43 - [TEST_STEP][PASSED] - navigateToUrl("https://www.yahoo.com/"): Navigate to 'https://www.yahoo.com/' successfully

16-01-2024T15:07:06 - [MESSAGE][PASSED] - Navigate to 'https://www.yahoo.com/' successfully

16-01-2024T15:07:06 - [TEST_STEP][PASSED] - setText(findTestObject("Object Repository/Page_Yahoo  Mail, Weather, Search, Politics_802e32/input_p"), "kru university"): Text 'kru university' is set on object 'Object Repository/Page_Yahoo  Mail, Weather, Search, Politics_802e32/input_p'

16-01-2024T15:07:08 - [MESSAGE][PASSED] - Text 'kru university' is set on object 'Object Repository/Page_Yahoo  Mail, Weather, Search, Politics_802e32/input_p'

16-01-2024T15:07:08 - [TEST_STEP][PASSED] - click(findTestObject("Object Repository/Page_Yahoo  Mail, Weather, Search, Politics_802e32/buttonybar-search")): Object: 'Object Repository/Page_Yahoo  Mail, Weather, Search, Politics_802e32/buttonybar-search' is clicked on

16-01-2024T15:07:09 - [MESSAGE][PASSED] - Object: 'Object Repository/Page_Yahoo  Mail, Weather, Search, Politics_802e32/buttonybar-search' is clicked on

16-01-2024T15:07:09 - [TEST_STEP][PASSED] - verifyTextPresent("มหาวิทยาลัยราชภัฏกาญจนบุรี", false): Text 'มหาวิทยาลัยราชภัฏกาญจนบุรี' is present on page 

16-01-2024T15:07:11 - [MESSAGE][PASSED] - Text 'มหาวิทยาลัยราชภัฏกาญจนบุรี' is present on page 

16-01-2024T15:07:11 - [TEST_STEP][PASSED] - closeBrowser(): Browser is closed

16-01-2024T15:07:11 - [MESSAGE][PASSED] - Browser is closed]]></system-out>
         <system-err><![CDATA[]]></system-err>
      </testcase>
      <system-out><![CDATA[16-01-2024T15:06:26 - [TEST_SUITE][PASSED] - TS01 - Search By Keywoed: Test Cases/TC0101 - Search By Keyword - npru]]></system-out>
      <system-err><![CDATA[]]></system-err>
   </testsuite>
</testsuites>
