<?xml version="1.0" encoding="UTF-8"?>
<testsuites name="TS01 - Search By Keywoed" time="119.087" tests="6" failures="0" errors="0">
   <testsuite name="TS01 - Search By Keywoed" tests="6" failures="0" errors="0" time="119.087" skipped="0" timestamp="16-01-2024T15:17:28" hostname="Administrator - 10.53.16.248" id="Test Suites/TS01 - Search By Keywoed">
      <properties>
         <property name="deviceName" value=""/>
         <property name="devicePlatform" value=""/>
         <property name="logFolder" value="C:\\Users\\Administrator\\Katalon Studio\\My First Web UI Project\\Reports\\25670116_151723\\TS01 - Search By Keywoed\\25670116_151723"/>
         <property name="logFiles" value="C:\\Users\\Administrator\\Katalon Studio\\My First Web UI Project\\Reports\\25670116_151723\\TS01 - Search By Keywoed\\25670116_151723\\execution0.log"/>
         <property name="attachments" value=""/>
         <property name="hostName" value="Administrator - 10.53.16.248"/>
         <property name="os" value="Windows 10 64bit"/>
         <property name="katalonVersion" value="9.2.0.212"/>
         <property name="browser" value="Chrome 120.0.0.0"/>
         <property name="hostAddress" value="10.53.16.248"/>
         <property name="sessionId" value="acc835d5c466987afca0268c7c26a1b2"/>
         <property name="seleniumVersion" value="3.141.59"/>
         <property name="proxyInformation" value="ProxyInformation { proxyOption=NO_PROXY, proxyServerType=HTTP, username=, password=********, proxyServerAddress=, proxyServerPort=0, executionList=&quot;&quot;, isApplyToDesiredCapabilities=true }"/>
         <property name="platform" value="Windows 10"/>
      </properties>
      <testcase name="Test Cases/TC0103 - Search By Keyword-pbru" time="21.202" classname="Test Cases/TC0103 - Search By Keyword-pbru" status="PASSED">
         <system-out><![CDATA[16-01-2024T15:17:28 - [TEST_CASE][PASSED] - Test Cases/TC0103 - Search By Keyword-pbru: Test Cases/TC0103 - Search By Keyword-pbru

16-01-2024T15:17:28 - [TEST_STEP][PASSED] - openBrowser(""): Browser is opened with url: ''

16-01-2024T15:17:29 - [MESSAGE][INFO] - Starting 'Chrome' driver

16-01-2024T15:17:29 - [MESSAGE][INFO] - Action delay is set to 0 milliseconds

16-01-2024T15:17:30 - [MESSAGE][PASSED] - Browser is opened with url: ''

16-01-2024T15:17:30 - [TEST_STEP][PASSED] - navigateToUrl("https://www.yahoo.com/"): Navigate to 'https://www.yahoo.com/' successfully

16-01-2024T15:17:32 - [MESSAGE][PASSED] - Navigate to 'https://www.yahoo.com/' successfully

16-01-2024T15:17:32 - [TEST_STEP][PASSED] - setText(findTestObject("Page_Yahoo  Mail, Weather, Search, Politics_802e32/input_p"), "pbru"): Text 'pbru' is set on object 'Object Repository/Page_Yahoo  Mail, Weather, Search, Politics_802e32/input_p'

16-01-2024T15:17:47 - [MESSAGE][PASSED] - Text 'pbru' is set on object 'Object Repository/Page_Yahoo  Mail, Weather, Search, Politics_802e32/input_p'

16-01-2024T15:17:47 - [TEST_STEP][PASSED] - click(findTestObject("Page_Yahoo  Mail, Weather, Search, Politics_802e32/buttonybar-search")): Object: 'Object Repository/Page_Yahoo  Mail, Weather, Search, Politics_802e32/buttonybar-search' is clicked on

16-01-2024T15:17:47 - [MESSAGE][PASSED] - Object: 'Object Repository/Page_Yahoo  Mail, Weather, Search, Politics_802e32/buttonybar-search' is clicked on

16-01-2024T15:17:47 - [TEST_STEP][PASSED] - verifyTextPresent("มหาวิทยาลัยราชภัฏเพชรบุรี", false): Text 'มหาวิทยาลัยราชภัฏเพชรบุรี' is present on page 

16-01-2024T15:17:49 - [MESSAGE][PASSED] - Text 'มหาวิทยาลัยราชภัฏเพชรบุรี' is present on page 

16-01-2024T15:17:49 - [TEST_STEP][PASSED] - closeBrowser(): Browser is closed

16-01-2024T15:17:49 - [MESSAGE][PASSED] - Browser is closed]]></system-out>
         <system-err><![CDATA[]]></system-err>
      </testcase>
      <testcase name="Test Cases/TC0102 - Search By Keyword - kru university" time="30.303" classname="Test Cases/TC0102 - Search By Keyword - kru university" status="PASSED">
         <system-out><![CDATA[16-01-2024T15:17:49 - [TEST_CASE][PASSED] - Test Cases/TC0102 - Search By Keyword - kru university: Test Cases/TC0102 - Search By Keyword - kru university

16-01-2024T15:17:50 - [TEST_STEP][PASSED] - openBrowser(""): Browser is opened with url: ''

16-01-2024T15:17:50 - [MESSAGE][INFO] - Starting 'Chrome' driver

16-01-2024T15:17:50 - [MESSAGE][INFO] - Action delay is set to 0 milliseconds

16-01-2024T15:17:50 - [MESSAGE][PASSED] - Browser is opened with url: ''

16-01-2024T15:17:50 - [TEST_STEP][PASSED] - navigateToUrl("https://www.yahoo.com/"): Navigate to 'https://www.yahoo.com/' successfully

16-01-2024T15:17:52 - [MESSAGE][PASSED] - Navigate to 'https://www.yahoo.com/' successfully

16-01-2024T15:17:52 - [TEST_STEP][PASSED] - setText(findTestObject("Object Repository/Page_Yahoo  Mail, Weather, Search, Politics_802e32/input_p"), "npru"): Text 'npru' is set on object 'Object Repository/Page_Yahoo  Mail, Weather, Search, Politics_802e32/input_p'

16-01-2024T15:18:17 - [MESSAGE][PASSED] - Text 'npru' is set on object 'Object Repository/Page_Yahoo  Mail, Weather, Search, Politics_802e32/input_p'

16-01-2024T15:18:17 - [TEST_STEP][PASSED] - click(findTestObject("Object Repository/Page_Yahoo  Mail, Weather, Search, Politics_802e32/buttonybar-search")): Object: 'Object Repository/Page_Yahoo  Mail, Weather, Search, Politics_802e32/buttonybar-search' is clicked on

16-01-2024T15:18:18 - [MESSAGE][PASSED] - Object: 'Object Repository/Page_Yahoo  Mail, Weather, Search, Politics_802e32/buttonybar-search' is clicked on

16-01-2024T15:18:18 - [TEST_STEP][PASSED] - verifyTextPresent("มหาวิทยาลัยราชภัฏนครปฐม", false): Text 'มหาวิทยาลัยราชภัฏนครปฐม' is present on page 

16-01-2024T15:18:20 - [MESSAGE][PASSED] - Text 'มหาวิทยาลัยราชภัฏนครปฐม' is present on page 

16-01-2024T15:18:20 - [TEST_STEP][PASSED] - closeBrowser(): Browser is closed

16-01-2024T15:18:20 - [MESSAGE][PASSED] - Browser is closed]]></system-out>
         <system-err><![CDATA[]]></system-err>
      </testcase>
      <testcase name="Test Cases/TC0101 - Search By Keyword - npru" time="12.827" classname="Test Cases/TC0101 - Search By Keyword - npru" status="PASSED">
         <system-out><![CDATA[16-01-2024T15:18:20 - [TEST_CASE][PASSED] - Test Cases/TC0101 - Search By Keyword - npru: Test Cases/TC0101 - Search By Keyword - npru

16-01-2024T15:18:20 - [TEST_STEP][PASSED] - openBrowser(""): Browser is opened with url: ''

16-01-2024T15:18:20 - [MESSAGE][INFO] - Starting 'Chrome' driver

16-01-2024T15:18:20 - [MESSAGE][INFO] - Action delay is set to 0 milliseconds

16-01-2024T15:18:20 - [MESSAGE][PASSED] - Browser is opened with url: ''

16-01-2024T15:18:20 - [TEST_STEP][PASSED] - navigateToUrl("https://www.yahoo.com/"): Navigate to 'https://www.yahoo.com/' successfully

16-01-2024T15:18:22 - [MESSAGE][PASSED] - Navigate to 'https://www.yahoo.com/' successfully

16-01-2024T15:18:22 - [TEST_STEP][PASSED] - setText(findTestObject("Object Repository/Page_Yahoo  Mail, Weather, Search, Politics_802e32/input_p"), "kru university"): Text 'kru university' is set on object 'Object Repository/Page_Yahoo  Mail, Weather, Search, Politics_802e32/input_p'

16-01-2024T15:18:30 - [MESSAGE][PASSED] - Text 'kru university' is set on object 'Object Repository/Page_Yahoo  Mail, Weather, Search, Politics_802e32/input_p'

16-01-2024T15:18:30 - [TEST_STEP][PASSED] - click(findTestObject("Object Repository/Page_Yahoo  Mail, Weather, Search, Politics_802e32/buttonybar-search")): Object: 'Object Repository/Page_Yahoo  Mail, Weather, Search, Politics_802e32/buttonybar-search' is clicked on

16-01-2024T15:18:30 - [MESSAGE][PASSED] - Object: 'Object Repository/Page_Yahoo  Mail, Weather, Search, Politics_802e32/buttonybar-search' is clicked on

16-01-2024T15:18:30 - [TEST_STEP][PASSED] - verifyTextPresent("มหาวิทยาลัยราชภัฏกาญจนบุรี", false): Text 'มหาวิทยาลัยราชภัฏกาญจนบุรี' is present on page 

16-01-2024T15:18:32 - [MESSAGE][PASSED] - Text 'มหาวิทยาลัยราชภัฏกาญจนบุรี' is present on page 

16-01-2024T15:18:32 - [TEST_STEP][PASSED] - closeBrowser(): Browser is closed

16-01-2024T15:18:33 - [MESSAGE][PASSED] - Browser is closed]]></system-out>
         <system-err><![CDATA[]]></system-err>
      </testcase>
      <testcase name="Test Cases/UC02 - Search/TC0101 - Search By Keyword - npru" time="7.844" classname="Test Cases/UC02 - Search/TC0101 - Search By Keyword - npru" status="PASSED">
         <system-out><![CDATA[16-01-2024T15:18:33 - [TEST_CASE][PASSED] - Test Cases/UC02 - Search/TC0101 - Search By Keyword - npru: Test Cases/UC02 - Search/TC0101 - Search By Keyword - npru

16-01-2024T15:18:33 - [TEST_STEP][PASSED] - openBrowser(""): Browser is opened with url: ''

16-01-2024T15:18:33 - [MESSAGE][INFO] - Starting 'Chrome' driver

16-01-2024T15:18:33 - [MESSAGE][INFO] - Action delay is set to 0 milliseconds

16-01-2024T15:18:33 - [MESSAGE][PASSED] - Browser is opened with url: ''

16-01-2024T15:18:33 - [TEST_STEP][PASSED] - navigateToUrl("https://www.yahoo.com/"): Navigate to 'https://www.yahoo.com/' successfully

16-01-2024T15:18:35 - [MESSAGE][PASSED] - Navigate to 'https://www.yahoo.com/' successfully

16-01-2024T15:18:35 - [TEST_STEP][PASSED] - setText(findTestObject("Object Repository/Page_Yahoo  Mail, Weather, Search, Politics_802e32/input_p"), "kru university"): Text 'kru university' is set on object 'Object Repository/Page_Yahoo  Mail, Weather, Search, Politics_802e32/input_p'

16-01-2024T15:18:38 - [MESSAGE][PASSED] - Text 'kru university' is set on object 'Object Repository/Page_Yahoo  Mail, Weather, Search, Politics_802e32/input_p'

16-01-2024T15:18:38 - [TEST_STEP][PASSED] - click(findTestObject("Object Repository/Page_Yahoo  Mail, Weather, Search, Politics_802e32/buttonybar-search")): Object: 'Object Repository/Page_Yahoo  Mail, Weather, Search, Politics_802e32/buttonybar-search' is clicked on

16-01-2024T15:18:38 - [MESSAGE][PASSED] - Object: 'Object Repository/Page_Yahoo  Mail, Weather, Search, Politics_802e32/buttonybar-search' is clicked on

16-01-2024T15:18:38 - [TEST_STEP][PASSED] - verifyTextPresent("มหาวิทยาลัยราชภัฏกาญจนบุรี", false): Text 'มหาวิทยาลัยราชภัฏกาญจนบุรี' is present on page 

16-01-2024T15:18:40 - [MESSAGE][PASSED] - Text 'มหาวิทยาลัยราชภัฏกาญจนบุรี' is present on page 

16-01-2024T15:18:40 - [TEST_STEP][PASSED] - closeBrowser(): Browser is closed

16-01-2024T15:18:40 - [MESSAGE][PASSED] - Browser is closed]]></system-out>
         <system-err><![CDATA[]]></system-err>
      </testcase>
      <testcase name="Test Cases/UC02 - Search/TC0102 - Search By Keyword - kru university" time="30.669" classname="Test Cases/UC02 - Search/TC0102 - Search By Keyword - kru university" status="PASSED">
         <system-out><![CDATA[16-01-2024T15:18:40 - [TEST_CASE][PASSED] - Test Cases/UC02 - Search/TC0102 - Search By Keyword - kru university: Test Cases/UC02 - Search/TC0102 - Search By Keyword - kru university

16-01-2024T15:18:40 - [TEST_STEP][PASSED] - openBrowser(""): Browser is opened with url: ''

16-01-2024T15:18:40 - [MESSAGE][INFO] - Starting 'Chrome' driver

16-01-2024T15:18:40 - [MESSAGE][INFO] - Action delay is set to 0 milliseconds

16-01-2024T15:18:41 - [MESSAGE][PASSED] - Browser is opened with url: ''

16-01-2024T15:18:41 - [TEST_STEP][PASSED] - navigateToUrl("https://www.yahoo.com/"): Navigate to 'https://www.yahoo.com/' successfully

16-01-2024T15:19:05 - [MESSAGE][PASSED] - Navigate to 'https://www.yahoo.com/' successfully

16-01-2024T15:19:05 - [TEST_STEP][PASSED] - setText(findTestObject("Object Repository/Page_Yahoo  Mail, Weather, Search, Politics_802e32/input_p"), "npru"): Text 'npru' is set on object 'Object Repository/Page_Yahoo  Mail, Weather, Search, Politics_802e32/input_p'

16-01-2024T15:19:08 - [MESSAGE][PASSED] - Text 'npru' is set on object 'Object Repository/Page_Yahoo  Mail, Weather, Search, Politics_802e32/input_p'

16-01-2024T15:19:08 - [TEST_STEP][PASSED] - click(findTestObject("Object Repository/Page_Yahoo  Mail, Weather, Search, Politics_802e32/buttonybar-search")): Object: 'Object Repository/Page_Yahoo  Mail, Weather, Search, Politics_802e32/buttonybar-search' is clicked on

16-01-2024T15:19:08 - [MESSAGE][PASSED] - Object: 'Object Repository/Page_Yahoo  Mail, Weather, Search, Politics_802e32/buttonybar-search' is clicked on

16-01-2024T15:19:08 - [TEST_STEP][PASSED] - verifyTextPresent("มหาวิทยาลัยราชภัฏนครปฐม", false): Text 'มหาวิทยาลัยราชภัฏนครปฐม' is present on page 

16-01-2024T15:19:11 - [MESSAGE][PASSED] - Text 'มหาวิทยาลัยราชภัฏนครปฐม' is present on page 

16-01-2024T15:19:11 - [TEST_STEP][PASSED] - closeBrowser(): Browser is closed

16-01-2024T15:19:11 - [MESSAGE][PASSED] - Browser is closed]]></system-out>
         <system-err><![CDATA[]]></system-err>
      </testcase>
      <testcase name="Test Cases/UC02 - Search/TC0103 - Search By Keyword-pbru" time="16.109" classname="Test Cases/UC02 - Search/TC0103 - Search By Keyword-pbru" status="PASSED">
         <system-out><![CDATA[16-01-2024T15:19:11 - [TEST_CASE][PASSED] - Test Cases/UC02 - Search/TC0103 - Search By Keyword-pbru: Test Cases/UC02 - Search/TC0103 - Search By Keyword-pbru

16-01-2024T15:19:11 - [TEST_STEP][PASSED] - openBrowser(""): Browser is opened with url: ''

16-01-2024T15:19:11 - [MESSAGE][INFO] - Starting 'Chrome' driver

16-01-2024T15:19:11 - [MESSAGE][INFO] - Action delay is set to 0 milliseconds

16-01-2024T15:19:12 - [MESSAGE][PASSED] - Browser is opened with url: ''

16-01-2024T15:19:12 - [TEST_STEP][PASSED] - navigateToUrl("https://www.yahoo.com/"): Navigate to 'https://www.yahoo.com/' successfully

16-01-2024T15:19:14 - [MESSAGE][PASSED] - Navigate to 'https://www.yahoo.com/' successfully

16-01-2024T15:19:14 - [TEST_STEP][PASSED] - setText(findTestObject("Page_Yahoo  Mail, Weather, Search, Politics_802e32/input_p"), "pbru"): Text 'pbru' is set on object 'Object Repository/Page_Yahoo  Mail, Weather, Search, Politics_802e32/input_p'

16-01-2024T15:19:24 - [MESSAGE][PASSED] - Text 'pbru' is set on object 'Object Repository/Page_Yahoo  Mail, Weather, Search, Politics_802e32/input_p'

16-01-2024T15:19:24 - [TEST_STEP][PASSED] - click(findTestObject("Page_Yahoo  Mail, Weather, Search, Politics_802e32/buttonybar-search")): Object: 'Object Repository/Page_Yahoo  Mail, Weather, Search, Politics_802e32/buttonybar-search' is clicked on

16-01-2024T15:19:25 - [MESSAGE][PASSED] - Object: 'Object Repository/Page_Yahoo  Mail, Weather, Search, Politics_802e32/buttonybar-search' is clicked on

16-01-2024T15:19:25 - [TEST_STEP][PASSED] - verifyTextPresent("มหาวิทยาลัยราชภัฏเพชรบุรี", false): Text 'มหาวิทยาลัยราชภัฏเพชรบุรี' is present on page 

16-01-2024T15:19:27 - [MESSAGE][PASSED] - Text 'มหาวิทยาลัยราชภัฏเพชรบุรี' is present on page 

16-01-2024T15:19:27 - [TEST_STEP][PASSED] - closeBrowser(): Browser is closed

16-01-2024T15:19:27 - [MESSAGE][PASSED] - Browser is closed]]></system-out>
         <system-err><![CDATA[]]></system-err>
      </testcase>
      <system-out><![CDATA[16-01-2024T15:17:28 - [TEST_SUITE][PASSED] - TS01 - Search By Keywoed: Test Cases/UC02 - Search/TC0103 - Search By Keyword-pbru]]></system-out>
      <system-err><![CDATA[]]></system-err>
   </testsuite>
</testsuites>
