<?xml version="1.0" encoding="UTF-8"?>
<testsuites name="TS01 - Search By Keywoed" time="66.663" tests="6" failures="0" errors="0">
   <testsuite name="TS01 - Search By Keywoed" tests="6" failures="0" errors="0" time="66.663" skipped="0" timestamp="16-01-2024T15:31:47" hostname="Administrator - 10.53.16.248" id="Test Suites/TS01 - Search By Keywoed">
      <properties>
         <property name="deviceName" value=""/>
         <property name="devicePlatform" value=""/>
         <property name="logFolder" value="C:\\Users\\Administrator\\Katalon Studio\\My First Web UI Project\\Reports\\25670116_153134\\TS01 - Search By Keywoed\\25670116_153137"/>
         <property name="logFiles" value="C:\\Users\\Administrator\\Katalon Studio\\My First Web UI Project\\Reports\\25670116_153134\\TS01 - Search By Keywoed\\25670116_153137\\execution0.log"/>
         <property name="attachments" value=""/>
         <property name="hostName" value="Administrator - 10.53.16.248"/>
         <property name="os" value="Windows 10 64bit"/>
         <property name="katalonVersion" value="9.2.0.212"/>
         <property name="browser" value="Edge Chromium 120"/>
         <property name="hostAddress" value="10.53.16.248"/>
         <property name="sessionId" value="7f4cb02f75fd694f56e2e806b1620831"/>
         <property name="seleniumVersion" value="3.141.59"/>
         <property name="proxyInformation" value="ProxyInformation { proxyOption=NO_PROXY, proxyServerType=HTTP, username=, password=********, proxyServerAddress=, proxyServerPort=0, executionList=&quot;&quot;, isApplyToDesiredCapabilities=true }"/>
         <property name="platform" value="Windows 10"/>
      </properties>
      <testcase name="Test Cases/UC01-Search By Keyword/TC0103 - Search By Keyword-pbru" time="9.97" classname="Test Cases/UC01-Search By Keyword/TC0103 - Search By Keyword-pbru" status="PASSED">
         <system-out><![CDATA[16-01-2024T15:31:47 - [TEST_CASE][PASSED] - Test Cases/UC01-Search By Keyword/TC0103 - Search By Keyword-pbru: Test Cases/UC01-Search By Keyword/TC0103 - Search By Keyword-pbru

16-01-2024T15:31:47 - [TEST_STEP][PASSED] - openBrowser(""): Browser is opened with url: ''

16-01-2024T15:31:47 - [MESSAGE][INFO] - Starting 'Edge Chromium' driver

16-01-2024T15:31:48 - [MESSAGE][INFO] - Action delay is set to 0 milliseconds

16-01-2024T15:31:48 - [MESSAGE][PASSED] - Browser is opened with url: ''

16-01-2024T15:31:48 - [TEST_STEP][PASSED] - navigateToUrl("https://www.yahoo.com/"): Navigate to 'https://www.yahoo.com/' successfully

16-01-2024T15:31:52 - [MESSAGE][PASSED] - Navigate to 'https://www.yahoo.com/' successfully

16-01-2024T15:31:52 - [TEST_STEP][PASSED] - setText(findTestObject("Page_Yahoo  Mail, Weather, Search, Politics_802e32/input_p"), "pbru"): Text 'pbru' is set on object 'Object Repository/Page_Yahoo  Mail, Weather, Search, Politics_802e32/input_p'

16-01-2024T15:31:53 - [MESSAGE][PASSED] - Text 'pbru' is set on object 'Object Repository/Page_Yahoo  Mail, Weather, Search, Politics_802e32/input_p'

16-01-2024T15:31:53 - [TEST_STEP][PASSED] - click(findTestObject("Page_Yahoo  Mail, Weather, Search, Politics_802e32/buttonybar-search")): Object: 'Object Repository/Page_Yahoo  Mail, Weather, Search, Politics_802e32/buttonybar-search' is clicked on

16-01-2024T15:31:54 - [MESSAGE][PASSED] - Object: 'Object Repository/Page_Yahoo  Mail, Weather, Search, Politics_802e32/buttonybar-search' is clicked on

16-01-2024T15:31:54 - [TEST_STEP][PASSED] - verifyTextPresent("มหาวิทยาลัยราชภัฏเพชรบุรี", false): Text 'มหาวิทยาลัยราชภัฏเพชรบุรี' is present on page 

16-01-2024T15:31:57 - [MESSAGE][PASSED] - Text 'มหาวิทยาลัยราชภัฏเพชรบุรี' is present on page 

16-01-2024T15:31:57 - [TEST_STEP][PASSED] - closeBrowser(): Browser is closed

16-01-2024T15:31:57 - [MESSAGE][PASSED] - Browser is closed]]></system-out>
         <system-err><![CDATA[]]></system-err>
      </testcase>
      <testcase name="Test Cases/UC01-Search By Keyword/TC0102 - Search By Keyword - kru university" time="9.812" classname="Test Cases/UC01-Search By Keyword/TC0102 - Search By Keyword - kru university" status="PASSED">
         <system-out><![CDATA[16-01-2024T15:31:57 - [TEST_CASE][PASSED] - Test Cases/UC01-Search By Keyword/TC0102 - Search By Keyword - kru university: Test Cases/UC01-Search By Keyword/TC0102 - Search By Keyword - kru university

16-01-2024T15:31:57 - [TEST_STEP][PASSED] - openBrowser(""): Browser is opened with url: ''

16-01-2024T15:31:57 - [MESSAGE][INFO] - Starting 'Edge Chromium' driver

16-01-2024T15:31:57 - [MESSAGE][INFO] - Action delay is set to 0 milliseconds

16-01-2024T15:31:57 - [MESSAGE][PASSED] - Browser is opened with url: ''

16-01-2024T15:31:57 - [TEST_STEP][PASSED] - navigateToUrl("https://www.yahoo.com/"): Navigate to 'https://www.yahoo.com/' successfully

16-01-2024T15:32:02 - [MESSAGE][PASSED] - Navigate to 'https://www.yahoo.com/' successfully

16-01-2024T15:32:02 - [TEST_STEP][PASSED] - setText(findTestObject("Object Repository/Page_Yahoo  Mail, Weather, Search, Politics_802e32/input_p"), "npru"): Text 'npru' is set on object 'Object Repository/Page_Yahoo  Mail, Weather, Search, Politics_802e32/input_p'

16-01-2024T15:32:03 - [MESSAGE][PASSED] - Text 'npru' is set on object 'Object Repository/Page_Yahoo  Mail, Weather, Search, Politics_802e32/input_p'

16-01-2024T15:32:03 - [TEST_STEP][PASSED] - click(findTestObject("Object Repository/Page_Yahoo  Mail, Weather, Search, Politics_802e32/buttonybar-search")): Object: 'Object Repository/Page_Yahoo  Mail, Weather, Search, Politics_802e32/buttonybar-search' is clicked on

16-01-2024T15:32:04 - [MESSAGE][PASSED] - Object: 'Object Repository/Page_Yahoo  Mail, Weather, Search, Politics_802e32/buttonybar-search' is clicked on

16-01-2024T15:32:04 - [TEST_STEP][PASSED] - verifyTextPresent("มหาวิทยาลัยราชภัฏนครปฐม", false): Text 'มหาวิทยาลัยราชภัฏนครปฐม' is present on page 

16-01-2024T15:32:06 - [MESSAGE][PASSED] - Text 'มหาวิทยาลัยราชภัฏนครปฐม' is present on page 

16-01-2024T15:32:06 - [TEST_STEP][PASSED] - closeBrowser(): Browser is closed

16-01-2024T15:32:07 - [MESSAGE][PASSED] - Browser is closed]]></system-out>
         <system-err><![CDATA[]]></system-err>
      </testcase>
      <testcase name="Test Cases/UC01-Search By Keyword/TC0101 - Search By Keyword - npru" time="9.164" classname="Test Cases/UC01-Search By Keyword/TC0101 - Search By Keyword - npru" status="PASSED">
         <system-out><![CDATA[16-01-2024T15:32:07 - [TEST_CASE][PASSED] - Test Cases/UC01-Search By Keyword/TC0101 - Search By Keyword - npru: Test Cases/UC01-Search By Keyword/TC0101 - Search By Keyword - npru

16-01-2024T15:32:07 - [TEST_STEP][PASSED] - openBrowser(""): Browser is opened with url: ''

16-01-2024T15:32:07 - [MESSAGE][INFO] - Starting 'Edge Chromium' driver

16-01-2024T15:32:07 - [MESSAGE][INFO] - Action delay is set to 0 milliseconds

16-01-2024T15:32:07 - [MESSAGE][PASSED] - Browser is opened with url: ''

16-01-2024T15:32:07 - [TEST_STEP][PASSED] - navigateToUrl("https://www.yahoo.com/"): Navigate to 'https://www.yahoo.com/' successfully

16-01-2024T15:32:10 - [MESSAGE][PASSED] - Navigate to 'https://www.yahoo.com/' successfully

16-01-2024T15:32:10 - [TEST_STEP][PASSED] - setText(findTestObject("Object Repository/Page_Yahoo  Mail, Weather, Search, Politics_802e32/input_p"), "kru university"): Text 'kru university' is set on object 'Object Repository/Page_Yahoo  Mail, Weather, Search, Politics_802e32/input_p'

16-01-2024T15:32:13 - [MESSAGE][PASSED] - Text 'kru university' is set on object 'Object Repository/Page_Yahoo  Mail, Weather, Search, Politics_802e32/input_p'

16-01-2024T15:32:13 - [TEST_STEP][PASSED] - click(findTestObject("Object Repository/Page_Yahoo  Mail, Weather, Search, Politics_802e32/buttonybar-search")): Object: 'Object Repository/Page_Yahoo  Mail, Weather, Search, Politics_802e32/buttonybar-search' is clicked on

16-01-2024T15:32:13 - [MESSAGE][PASSED] - Object: 'Object Repository/Page_Yahoo  Mail, Weather, Search, Politics_802e32/buttonybar-search' is clicked on

16-01-2024T15:32:13 - [TEST_STEP][PASSED] - verifyTextPresent("มหาวิทยาลัยราชภัฏกาญจนบุรี", false): Text 'มหาวิทยาลัยราชภัฏกาญจนบุรี' is present on page 

16-01-2024T15:32:16 - [MESSAGE][PASSED] - Text 'มหาวิทยาลัยราชภัฏกาญจนบุรี' is present on page 

16-01-2024T15:32:16 - [TEST_STEP][PASSED] - closeBrowser(): Browser is closed

16-01-2024T15:32:16 - [MESSAGE][PASSED] - Browser is closed]]></system-out>
         <system-err><![CDATA[]]></system-err>
      </testcase>
      <testcase name="Test Cases/UC02 - Search/TC0101 - Search By Keyword - npru" time="10.844" classname="Test Cases/UC02 - Search/TC0101 - Search By Keyword - npru" status="PASSED">
         <system-out><![CDATA[16-01-2024T15:32:16 - [TEST_CASE][PASSED] - Test Cases/UC02 - Search/TC0101 - Search By Keyword - npru: Test Cases/UC02 - Search/TC0101 - Search By Keyword - npru

16-01-2024T15:32:16 - [TEST_STEP][PASSED] - openBrowser(""): Browser is opened with url: ''

16-01-2024T15:32:16 - [MESSAGE][INFO] - Starting 'Edge Chromium' driver

16-01-2024T15:32:16 - [MESSAGE][INFO] - Action delay is set to 0 milliseconds

16-01-2024T15:32:16 - [MESSAGE][PASSED] - Browser is opened with url: ''

16-01-2024T15:32:16 - [TEST_STEP][PASSED] - navigateToUrl("https://www.yahoo.com/"): Navigate to 'https://www.yahoo.com/' successfully

16-01-2024T15:32:22 - [MESSAGE][PASSED] - Navigate to 'https://www.yahoo.com/' successfully

16-01-2024T15:32:22 - [TEST_STEP][PASSED] - setText(findTestObject("Object Repository/Page_Yahoo  Mail, Weather, Search, Politics_802e32/input_p"), "kru university"): Text 'kru university' is set on object 'Object Repository/Page_Yahoo  Mail, Weather, Search, Politics_802e32/input_p'

16-01-2024T15:32:23 - [MESSAGE][PASSED] - Text 'kru university' is set on object 'Object Repository/Page_Yahoo  Mail, Weather, Search, Politics_802e32/input_p'

16-01-2024T15:32:23 - [TEST_STEP][PASSED] - click(findTestObject("Object Repository/Page_Yahoo  Mail, Weather, Search, Politics_802e32/buttonybar-search")): Object: 'Object Repository/Page_Yahoo  Mail, Weather, Search, Politics_802e32/buttonybar-search' is clicked on

16-01-2024T15:32:24 - [MESSAGE][PASSED] - Object: 'Object Repository/Page_Yahoo  Mail, Weather, Search, Politics_802e32/buttonybar-search' is clicked on

16-01-2024T15:32:24 - [TEST_STEP][PASSED] - verifyTextPresent("มหาวิทยาลัยราชภัฏกาญจนบุรี", false): Text 'มหาวิทยาลัยราชภัฏกาญจนบุรี' is present on page 

16-01-2024T15:32:26 - [MESSAGE][PASSED] - Text 'มหาวิทยาลัยราชภัฏกาญจนบุรี' is present on page 

16-01-2024T15:32:26 - [TEST_STEP][PASSED] - closeBrowser(): Browser is closed

16-01-2024T15:32:27 - [MESSAGE][PASSED] - Browser is closed]]></system-out>
         <system-err><![CDATA[]]></system-err>
      </testcase>
      <testcase name="Test Cases/UC02 - Search/TC0102 - Search By Keyword - kru university" time="9.037" classname="Test Cases/UC02 - Search/TC0102 - Search By Keyword - kru university" status="PASSED">
         <system-out><![CDATA[16-01-2024T15:32:27 - [TEST_CASE][PASSED] - Test Cases/UC02 - Search/TC0102 - Search By Keyword - kru university: Test Cases/UC02 - Search/TC0102 - Search By Keyword - kru university

16-01-2024T15:32:27 - [TEST_STEP][PASSED] - openBrowser(""): Browser is opened with url: ''

16-01-2024T15:32:27 - [MESSAGE][INFO] - Starting 'Edge Chromium' driver

16-01-2024T15:32:27 - [MESSAGE][INFO] - Action delay is set to 0 milliseconds

16-01-2024T15:32:27 - [MESSAGE][PASSED] - Browser is opened with url: ''

16-01-2024T15:32:27 - [TEST_STEP][PASSED] - navigateToUrl("https://www.yahoo.com/"): Navigate to 'https://www.yahoo.com/' successfully

16-01-2024T15:32:31 - [MESSAGE][PASSED] - Navigate to 'https://www.yahoo.com/' successfully

16-01-2024T15:32:31 - [TEST_STEP][PASSED] - setText(findTestObject("Object Repository/Page_Yahoo  Mail, Weather, Search, Politics_802e32/input_p"), "npru"): Text 'npru' is set on object 'Object Repository/Page_Yahoo  Mail, Weather, Search, Politics_802e32/input_p'

16-01-2024T15:32:32 - [MESSAGE][PASSED] - Text 'npru' is set on object 'Object Repository/Page_Yahoo  Mail, Weather, Search, Politics_802e32/input_p'

16-01-2024T15:32:32 - [TEST_STEP][PASSED] - click(findTestObject("Object Repository/Page_Yahoo  Mail, Weather, Search, Politics_802e32/buttonybar-search")): Object: 'Object Repository/Page_Yahoo  Mail, Weather, Search, Politics_802e32/buttonybar-search' is clicked on

16-01-2024T15:32:33 - [MESSAGE][PASSED] - Object: 'Object Repository/Page_Yahoo  Mail, Weather, Search, Politics_802e32/buttonybar-search' is clicked on

16-01-2024T15:32:33 - [TEST_STEP][PASSED] - verifyTextPresent("มหาวิทยาลัยราชภัฏนครปฐม", false): Text 'มหาวิทยาลัยราชภัฏนครปฐม' is present on page 

16-01-2024T15:32:35 - [MESSAGE][PASSED] - Text 'มหาวิทยาลัยราชภัฏนครปฐม' is present on page 

16-01-2024T15:32:35 - [TEST_STEP][PASSED] - closeBrowser(): Browser is closed

16-01-2024T15:32:36 - [MESSAGE][PASSED] - Browser is closed]]></system-out>
         <system-err><![CDATA[]]></system-err>
      </testcase>
      <testcase name="Test Cases/UC02 - Search/TC0103 - Search By Keyword-pbru" time="17.657" classname="Test Cases/UC02 - Search/TC0103 - Search By Keyword-pbru" status="PASSED">
         <system-out><![CDATA[16-01-2024T15:32:36 - [TEST_CASE][PASSED] - Test Cases/UC02 - Search/TC0103 - Search By Keyword-pbru: Test Cases/UC02 - Search/TC0103 - Search By Keyword-pbru

16-01-2024T15:32:36 - [TEST_STEP][PASSED] - openBrowser(""): Browser is opened with url: ''

16-01-2024T15:32:36 - [MESSAGE][INFO] - Starting 'Edge Chromium' driver

16-01-2024T15:32:36 - [MESSAGE][INFO] - Action delay is set to 0 milliseconds

16-01-2024T15:32:36 - [MESSAGE][PASSED] - Browser is opened with url: ''

16-01-2024T15:32:36 - [TEST_STEP][PASSED] - navigateToUrl("https://www.yahoo.com/"): Navigate to 'https://www.yahoo.com/' successfully

16-01-2024T15:32:39 - [MESSAGE][PASSED] - Navigate to 'https://www.yahoo.com/' successfully

16-01-2024T15:32:39 - [TEST_STEP][PASSED] - setText(findTestObject("Page_Yahoo  Mail, Weather, Search, Politics_802e32/input_p"), "pbru"): Text 'pbru' is set on object 'Object Repository/Page_Yahoo  Mail, Weather, Search, Politics_802e32/input_p'

16-01-2024T15:32:49 - [MESSAGE][PASSED] - Text 'pbru' is set on object 'Object Repository/Page_Yahoo  Mail, Weather, Search, Politics_802e32/input_p'

16-01-2024T15:32:49 - [TEST_STEP][PASSED] - click(findTestObject("Page_Yahoo  Mail, Weather, Search, Politics_802e32/buttonybar-search")): Object: 'Object Repository/Page_Yahoo  Mail, Weather, Search, Politics_802e32/buttonybar-search' is clicked on

16-01-2024T15:32:50 - [MESSAGE][PASSED] - Object: 'Object Repository/Page_Yahoo  Mail, Weather, Search, Politics_802e32/buttonybar-search' is clicked on

16-01-2024T15:32:50 - [TEST_STEP][PASSED] - verifyTextPresent("มหาวิทยาลัยราชภัฏเพชรบุรี", false): Text 'มหาวิทยาลัยราชภัฏเพชรบุรี' is present on page 

16-01-2024T15:32:53 - [MESSAGE][PASSED] - Text 'มหาวิทยาลัยราชภัฏเพชรบุรี' is present on page 

16-01-2024T15:32:53 - [TEST_STEP][PASSED] - closeBrowser(): Browser is closed

16-01-2024T15:32:53 - [MESSAGE][PASSED] - Browser is closed]]></system-out>
         <system-err><![CDATA[]]></system-err>
      </testcase>
      <system-out><![CDATA[16-01-2024T15:31:47 - [TEST_SUITE][PASSED] - TS01 - Search By Keywoed: Test Cases/UC02 - Search/TC0103 - Search By Keyword-pbru]]></system-out>
      <system-err><![CDATA[]]></system-err>
   </testsuite>
</testsuites>
