<?xml version="1.0" encoding="UTF-8"?>
<testsuites name="TS01 - Search By Keywoed" time="48.141" tests="6" failures="0" errors="0">
   <testsuite name="TS01 - Search By Keywoed" tests="6" failures="0" errors="0" time="48.141" skipped="0" timestamp="16-01-2024T15:23:56" hostname="Administrator - 10.53.16.248" id="Test Suites/TS01 - Search By Keywoed">
      <properties>
         <property name="deviceName" value=""/>
         <property name="devicePlatform" value=""/>
         <property name="logFolder" value="C:\\Users\\Administrator\\Katalon Studio\\My First Web UI Project\\Reports\\25670116_152348\\TS01 - Search By Keywoed\\25670116_152349"/>
         <property name="logFiles" value="C:\\Users\\Administrator\\Katalon Studio\\My First Web UI Project\\Reports\\25670116_152348\\TS01 - Search By Keywoed\\25670116_152349\\execution0.log"/>
         <property name="attachments" value=""/>
         <property name="hostName" value="Administrator - 10.53.16.248"/>
         <property name="os" value="Windows 10 64bit"/>
         <property name="katalonVersion" value="9.2.0.212"/>
         <property name="browser" value="Chrome 120.0.0.0"/>
         <property name="hostAddress" value="10.53.16.248"/>
         <property name="sessionId" value="105bbf812f25768082be9df927193f11"/>
         <property name="seleniumVersion" value="3.141.59"/>
         <property name="proxyInformation" value="ProxyInformation { proxyOption=NO_PROXY, proxyServerType=HTTP, username=, password=********, proxyServerAddress=, proxyServerPort=0, executionList=&quot;&quot;, isApplyToDesiredCapabilities=true }"/>
         <property name="platform" value="Windows 10"/>
      </properties>
      <testcase name="Test Cases/TC0103 - Search By Keyword-pbru" time="9.064" classname="Test Cases/TC0103 - Search By Keyword-pbru" status="PASSED">
         <system-out><![CDATA[16-01-2024T15:23:56 - [TEST_CASE][PASSED] - Test Cases/TC0103 - Search By Keyword-pbru: Test Cases/TC0103 - Search By Keyword-pbru

16-01-2024T15:23:57 - [TEST_STEP][PASSED] - openBrowser(""): Browser is opened with url: ''

16-01-2024T15:23:57 - [MESSAGE][INFO] - Starting 'Chrome' driver

16-01-2024T15:23:57 - [MESSAGE][INFO] - Action delay is set to 0 milliseconds

16-01-2024T15:23:58 - [MESSAGE][PASSED] - Browser is opened with url: ''

16-01-2024T15:23:58 - [TEST_STEP][PASSED] - navigateToUrl("https://www.yahoo.com/"): Navigate to 'https://www.yahoo.com/' successfully

16-01-2024T15:24:01 - [MESSAGE][PASSED] - Navigate to 'https://www.yahoo.com/' successfully

16-01-2024T15:24:01 - [TEST_STEP][PASSED] - setText(findTestObject("Page_Yahoo  Mail, Weather, Search, Politics_802e32/input_p"), "pbru"): Text 'pbru' is set on object 'Object Repository/Page_Yahoo  Mail, Weather, Search, Politics_802e32/input_p'

16-01-2024T15:24:03 - [MESSAGE][PASSED] - Text 'pbru' is set on object 'Object Repository/Page_Yahoo  Mail, Weather, Search, Politics_802e32/input_p'

16-01-2024T15:24:03 - [TEST_STEP][PASSED] - click(findTestObject("Page_Yahoo  Mail, Weather, Search, Politics_802e32/buttonybar-search")): Object: 'Object Repository/Page_Yahoo  Mail, Weather, Search, Politics_802e32/buttonybar-search' is clicked on

16-01-2024T15:24:03 - [MESSAGE][PASSED] - Object: 'Object Repository/Page_Yahoo  Mail, Weather, Search, Politics_802e32/buttonybar-search' is clicked on

16-01-2024T15:24:03 - [TEST_STEP][PASSED] - verifyTextPresent("มหาวิทยาลัยราชภัฏเพชรบุรี", false): Text 'มหาวิทยาลัยราชภัฏเพชรบุรี' is present on page 

16-01-2024T15:24:05 - [MESSAGE][PASSED] - Text 'มหาวิทยาลัยราชภัฏเพชรบุรี' is present on page 

16-01-2024T15:24:05 - [TEST_STEP][PASSED] - closeBrowser(): Browser is closed

16-01-2024T15:24:06 - [MESSAGE][PASSED] - Browser is closed]]></system-out>
         <system-err><![CDATA[]]></system-err>
      </testcase>
      <testcase name="Test Cases/TC0102 - Search By Keyword - kru university" time="7.966" classname="Test Cases/TC0102 - Search By Keyword - kru university" status="PASSED">
         <system-out><![CDATA[16-01-2024T15:24:06 - [TEST_CASE][PASSED] - Test Cases/TC0102 - Search By Keyword - kru university: Test Cases/TC0102 - Search By Keyword - kru university

16-01-2024T15:24:06 - [TEST_STEP][PASSED] - openBrowser(""): Browser is opened with url: ''

16-01-2024T15:24:06 - [MESSAGE][INFO] - Starting 'Chrome' driver

16-01-2024T15:24:06 - [MESSAGE][INFO] - Action delay is set to 0 milliseconds

16-01-2024T15:24:06 - [MESSAGE][PASSED] - Browser is opened with url: ''

16-01-2024T15:24:06 - [TEST_STEP][PASSED] - navigateToUrl("https://www.yahoo.com/"): Navigate to 'https://www.yahoo.com/' successfully

16-01-2024T15:24:08 - [MESSAGE][PASSED] - Navigate to 'https://www.yahoo.com/' successfully

16-01-2024T15:24:08 - [TEST_STEP][PASSED] - setText(findTestObject("Object Repository/Page_Yahoo  Mail, Weather, Search, Politics_802e32/input_p"), "npru"): Text 'npru' is set on object 'Object Repository/Page_Yahoo  Mail, Weather, Search, Politics_802e32/input_p'

16-01-2024T15:24:10 - [MESSAGE][PASSED] - Text 'npru' is set on object 'Object Repository/Page_Yahoo  Mail, Weather, Search, Politics_802e32/input_p'

16-01-2024T15:24:10 - [TEST_STEP][PASSED] - click(findTestObject("Object Repository/Page_Yahoo  Mail, Weather, Search, Politics_802e32/buttonybar-search")): Object: 'Object Repository/Page_Yahoo  Mail, Weather, Search, Politics_802e32/buttonybar-search' is clicked on

16-01-2024T15:24:11 - [MESSAGE][PASSED] - Object: 'Object Repository/Page_Yahoo  Mail, Weather, Search, Politics_802e32/buttonybar-search' is clicked on

16-01-2024T15:24:11 - [TEST_STEP][PASSED] - verifyTextPresent("มหาวิทยาลัยราชภัฏนครปฐม", false): Text 'มหาวิทยาลัยราชภัฏนครปฐม' is present on page 

16-01-2024T15:24:13 - [MESSAGE][PASSED] - Text 'มหาวิทยาลัยราชภัฏนครปฐม' is present on page 

16-01-2024T15:24:13 - [TEST_STEP][PASSED] - closeBrowser(): Browser is closed

16-01-2024T15:24:14 - [MESSAGE][PASSED] - Browser is closed]]></system-out>
         <system-err><![CDATA[]]></system-err>
      </testcase>
      <testcase name="Test Cases/TC0101 - Search By Keyword - npru" time="7.68" classname="Test Cases/TC0101 - Search By Keyword - npru" status="PASSED">
         <system-out><![CDATA[16-01-2024T15:24:14 - [TEST_CASE][PASSED] - Test Cases/TC0101 - Search By Keyword - npru: Test Cases/TC0101 - Search By Keyword - npru

16-01-2024T15:24:14 - [TEST_STEP][PASSED] - openBrowser(""): Browser is opened with url: ''

16-01-2024T15:24:14 - [MESSAGE][INFO] - Starting 'Chrome' driver

16-01-2024T15:24:14 - [MESSAGE][INFO] - Action delay is set to 0 milliseconds

16-01-2024T15:24:14 - [MESSAGE][PASSED] - Browser is opened with url: ''

16-01-2024T15:24:14 - [TEST_STEP][PASSED] - navigateToUrl("https://www.yahoo.com/"): Navigate to 'https://www.yahoo.com/' successfully

16-01-2024T15:24:15 - [MESSAGE][PASSED] - Navigate to 'https://www.yahoo.com/' successfully

16-01-2024T15:24:15 - [TEST_STEP][PASSED] - setText(findTestObject("Object Repository/Page_Yahoo  Mail, Weather, Search, Politics_802e32/input_p"), "kru university"): Text 'kru university' is set on object 'Object Repository/Page_Yahoo  Mail, Weather, Search, Politics_802e32/input_p'

16-01-2024T15:24:18 - [MESSAGE][PASSED] - Text 'kru university' is set on object 'Object Repository/Page_Yahoo  Mail, Weather, Search, Politics_802e32/input_p'

16-01-2024T15:24:18 - [TEST_STEP][PASSED] - click(findTestObject("Object Repository/Page_Yahoo  Mail, Weather, Search, Politics_802e32/buttonybar-search")): Object: 'Object Repository/Page_Yahoo  Mail, Weather, Search, Politics_802e32/buttonybar-search' is clicked on

16-01-2024T15:24:19 - [MESSAGE][PASSED] - Object: 'Object Repository/Page_Yahoo  Mail, Weather, Search, Politics_802e32/buttonybar-search' is clicked on

16-01-2024T15:24:19 - [TEST_STEP][PASSED] - verifyTextPresent("มหาวิทยาลัยราชภัฏกาญจนบุรี", false): Text 'มหาวิทยาลัยราชภัฏกาญจนบุรี' is present on page 

16-01-2024T15:24:21 - [MESSAGE][PASSED] - Text 'มหาวิทยาลัยราชภัฏกาญจนบุรี' is present on page 

16-01-2024T15:24:21 - [TEST_STEP][PASSED] - closeBrowser(): Browser is closed

16-01-2024T15:24:21 - [MESSAGE][PASSED] - Browser is closed]]></system-out>
         <system-err><![CDATA[]]></system-err>
      </testcase>
      <testcase name="Test Cases/UC02 - Search/TC0101 - Search By Keyword - npru" time="8.29" classname="Test Cases/UC02 - Search/TC0101 - Search By Keyword - npru" status="PASSED">
         <system-out><![CDATA[16-01-2024T15:24:21 - [TEST_CASE][PASSED] - Test Cases/UC02 - Search/TC0101 - Search By Keyword - npru: Test Cases/UC02 - Search/TC0101 - Search By Keyword - npru

16-01-2024T15:24:21 - [TEST_STEP][PASSED] - openBrowser(""): Browser is opened with url: ''

16-01-2024T15:24:21 - [MESSAGE][INFO] - Starting 'Chrome' driver

16-01-2024T15:24:21 - [MESSAGE][INFO] - Action delay is set to 0 milliseconds

16-01-2024T15:24:22 - [MESSAGE][PASSED] - Browser is opened with url: ''

16-01-2024T15:24:22 - [TEST_STEP][PASSED] - navigateToUrl("https://www.yahoo.com/"): Navigate to 'https://www.yahoo.com/' successfully

16-01-2024T15:24:24 - [MESSAGE][PASSED] - Navigate to 'https://www.yahoo.com/' successfully

16-01-2024T15:24:24 - [TEST_STEP][PASSED] - setText(findTestObject("Object Repository/Page_Yahoo  Mail, Weather, Search, Politics_802e32/input_p"), "kru university"): Text 'kru university' is set on object 'Object Repository/Page_Yahoo  Mail, Weather, Search, Politics_802e32/input_p'

16-01-2024T15:24:26 - [MESSAGE][PASSED] - Text 'kru university' is set on object 'Object Repository/Page_Yahoo  Mail, Weather, Search, Politics_802e32/input_p'

16-01-2024T15:24:26 - [TEST_STEP][PASSED] - click(findTestObject("Object Repository/Page_Yahoo  Mail, Weather, Search, Politics_802e32/buttonybar-search")): Object: 'Object Repository/Page_Yahoo  Mail, Weather, Search, Politics_802e32/buttonybar-search' is clicked on

16-01-2024T15:24:27 - [MESSAGE][PASSED] - Object: 'Object Repository/Page_Yahoo  Mail, Weather, Search, Politics_802e32/buttonybar-search' is clicked on

16-01-2024T15:24:27 - [TEST_STEP][PASSED] - verifyTextPresent("มหาวิทยาลัยราชภัฏกาญจนบุรี", false): Text 'มหาวิทยาลัยราชภัฏกาญจนบุรี' is present on page 

16-01-2024T15:24:29 - [MESSAGE][PASSED] - Text 'มหาวิทยาลัยราชภัฏกาญจนบุรี' is present on page 

16-01-2024T15:24:29 - [TEST_STEP][PASSED] - closeBrowser(): Browser is closed

16-01-2024T15:24:29 - [MESSAGE][PASSED] - Browser is closed]]></system-out>
         <system-err><![CDATA[]]></system-err>
      </testcase>
      <testcase name="Test Cases/UC02 - Search/TC0102 - Search By Keyword - kru university" time="7.384" classname="Test Cases/UC02 - Search/TC0102 - Search By Keyword - kru university" status="PASSED">
         <system-out><![CDATA[16-01-2024T15:24:29 - [TEST_CASE][PASSED] - Test Cases/UC02 - Search/TC0102 - Search By Keyword - kru university: Test Cases/UC02 - Search/TC0102 - Search By Keyword - kru university

16-01-2024T15:24:29 - [TEST_STEP][PASSED] - openBrowser(""): Browser is opened with url: ''

16-01-2024T15:24:29 - [MESSAGE][INFO] - Starting 'Chrome' driver

16-01-2024T15:24:29 - [MESSAGE][INFO] - Action delay is set to 0 milliseconds

16-01-2024T15:24:30 - [MESSAGE][PASSED] - Browser is opened with url: ''

16-01-2024T15:24:30 - [TEST_STEP][PASSED] - navigateToUrl("https://www.yahoo.com/"): Navigate to 'https://www.yahoo.com/' successfully

16-01-2024T15:24:31 - [MESSAGE][PASSED] - Navigate to 'https://www.yahoo.com/' successfully

16-01-2024T15:24:31 - [TEST_STEP][PASSED] - setText(findTestObject("Object Repository/Page_Yahoo  Mail, Weather, Search, Politics_802e32/input_p"), "npru"): Text 'npru' is set on object 'Object Repository/Page_Yahoo  Mail, Weather, Search, Politics_802e32/input_p'

16-01-2024T15:24:34 - [MESSAGE][PASSED] - Text 'npru' is set on object 'Object Repository/Page_Yahoo  Mail, Weather, Search, Politics_802e32/input_p'

16-01-2024T15:24:34 - [TEST_STEP][PASSED] - click(findTestObject("Object Repository/Page_Yahoo  Mail, Weather, Search, Politics_802e32/buttonybar-search")): Object: 'Object Repository/Page_Yahoo  Mail, Weather, Search, Politics_802e32/buttonybar-search' is clicked on

16-01-2024T15:24:34 - [MESSAGE][PASSED] - Object: 'Object Repository/Page_Yahoo  Mail, Weather, Search, Politics_802e32/buttonybar-search' is clicked on

16-01-2024T15:24:34 - [TEST_STEP][PASSED] - verifyTextPresent("มหาวิทยาลัยราชภัฏนครปฐม", false): Text 'มหาวิทยาลัยราชภัฏนครปฐม' is present on page 

16-01-2024T15:24:37 - [MESSAGE][PASSED] - Text 'มหาวิทยาลัยราชภัฏนครปฐม' is present on page 

16-01-2024T15:24:37 - [TEST_STEP][PASSED] - closeBrowser(): Browser is closed

16-01-2024T15:24:37 - [MESSAGE][PASSED] - Browser is closed]]></system-out>
         <system-err><![CDATA[]]></system-err>
      </testcase>
      <testcase name="Test Cases/UC02 - Search/TC0103 - Search By Keyword-pbru" time="7.619" classname="Test Cases/UC02 - Search/TC0103 - Search By Keyword-pbru" status="PASSED">
         <system-out><![CDATA[16-01-2024T15:24:37 - [TEST_CASE][PASSED] - Test Cases/UC02 - Search/TC0103 - Search By Keyword-pbru: Test Cases/UC02 - Search/TC0103 - Search By Keyword-pbru

16-01-2024T15:24:37 - [TEST_STEP][PASSED] - openBrowser(""): Browser is opened with url: ''

16-01-2024T15:24:37 - [MESSAGE][INFO] - Starting 'Chrome' driver

16-01-2024T15:24:37 - [MESSAGE][INFO] - Action delay is set to 0 milliseconds

16-01-2024T15:24:37 - [MESSAGE][PASSED] - Browser is opened with url: ''

16-01-2024T15:24:37 - [TEST_STEP][PASSED] - navigateToUrl("https://www.yahoo.com/"): Navigate to 'https://www.yahoo.com/' successfully

16-01-2024T15:24:39 - [MESSAGE][PASSED] - Navigate to 'https://www.yahoo.com/' successfully

16-01-2024T15:24:39 - [TEST_STEP][PASSED] - setText(findTestObject("Page_Yahoo  Mail, Weather, Search, Politics_802e32/input_p"), "pbru"): Text 'pbru' is set on object 'Object Repository/Page_Yahoo  Mail, Weather, Search, Politics_802e32/input_p'

16-01-2024T15:24:41 - [MESSAGE][PASSED] - Text 'pbru' is set on object 'Object Repository/Page_Yahoo  Mail, Weather, Search, Politics_802e32/input_p'

16-01-2024T15:24:41 - [TEST_STEP][PASSED] - click(findTestObject("Page_Yahoo  Mail, Weather, Search, Politics_802e32/buttonybar-search")): Object: 'Object Repository/Page_Yahoo  Mail, Weather, Search, Politics_802e32/buttonybar-search' is clicked on

16-01-2024T15:24:42 - [MESSAGE][PASSED] - Object: 'Object Repository/Page_Yahoo  Mail, Weather, Search, Politics_802e32/buttonybar-search' is clicked on

16-01-2024T15:24:42 - [TEST_STEP][PASSED] - verifyTextPresent("มหาวิทยาลัยราชภัฏเพชรบุรี", false): Text 'มหาวิทยาลัยราชภัฏเพชรบุรี' is present on page 

16-01-2024T15:24:44 - [MESSAGE][PASSED] - Text 'มหาวิทยาลัยราชภัฏเพชรบุรี' is present on page 

16-01-2024T15:24:44 - [TEST_STEP][PASSED] - closeBrowser(): Browser is closed

16-01-2024T15:24:44 - [MESSAGE][PASSED] - Browser is closed]]></system-out>
         <system-err><![CDATA[]]></system-err>
      </testcase>
      <system-out><![CDATA[16-01-2024T15:23:56 - [TEST_SUITE][PASSED] - TS01 - Search By Keywoed: Test Cases/UC02 - Search/TC0103 - Search By Keyword-pbru]]></system-out>
      <system-err><![CDATA[]]></system-err>
   </testsuite>
</testsuites>
